INFO - 2023-06-24 03:27:45 --> Session: Class initialized using 'CodeIgniter\Session\Handlers\FileHandler' driver.
INFO - 2023-06-24 03:28:15 --> Session: Class initialized using 'CodeIgniter\Session\Handlers\FileHandler' driver.
INFO - 2023-06-24 03:28:29 --> Session: Class initialized using 'CodeIgniter\Session\Handlers\FileHandler' driver.
INFO - 2023-06-24 03:28:38 --> Session: Class initialized using 'CodeIgniter\Session\Handlers\FileHandler' driver.
INFO - 2023-06-24 03:31:43 --> Session: Class initialized using 'CodeIgniter\Session\Handlers\FileHandler' driver.
INFO - 2023-06-24 03:34:58 --> Session: Class initialized using 'CodeIgniter\Session\Handlers\FileHandler' driver.
INFO - 2023-06-24 03:37:01 --> Session: Class initialized using 'CodeIgniter\Session\Handlers\FileHandler' driver.
INFO - 2023-06-24 03:49:14 --> Session: Class initialized using 'CodeIgniter\Session\Handlers\FileHandler' driver.
INFO - 2023-06-24 03:50:22 --> Session: Class initialized using 'CodeIgniter\Session\Handlers\FileHandler' driver.
INFO - 2023-06-24 03:54:05 --> Session: Class initialized using 'CodeIgniter\Session\Handlers\FileHandler' driver.
INFO - 2023-06-24 03:56:36 --> Session: Class initialized using 'CodeIgniter\Session\Handlers\FileHandler' driver.
INFO - 2023-06-24 03:57:43 --> Session: Class initialized using 'CodeIgniter\Session\Handlers\FileHandler' driver.
INFO - 2023-06-24 03:57:50 --> Session: Class initialized using 'CodeIgniter\Session\Handlers\FileHandler' driver.
INFO - 2023-06-24 04:01:49 --> Session: Class initialized using 'CodeIgniter\Session\Handlers\FileHandler' driver.
INFO - 2023-06-24 04:02:48 --> Session: Class initialized using 'CodeIgniter\Session\Handlers\FileHandler' driver.
INFO - 2023-06-24 04:03:56 --> Session: Class initialized using 'CodeIgniter\Session\Handlers\FileHandler' driver.
INFO - 2023-06-24 04:04:09 --> Session: Class initialized using 'CodeIgniter\Session\Handlers\FileHandler' driver.
INFO - 2023-06-24 04:04:55 --> Session: Class initialized using 'CodeIgniter\Session\Handlers\FileHandler' driver.
INFO - 2023-06-24 04:05:19 --> Session: Class initialized using 'CodeIgniter\Session\Handlers\FileHandler' driver.
WARNING - 2023-06-24 04:05:19 --> [DEPRECATED] ucwords(): Passing null to parameter #1 ($string) of type string is deprecated in APPPATH\Views\frontend\show.php on line 20.
 1 APPPATH\Views\frontend\show.php(20): ucwords(null)
 2 SYSTEMPATH\View\View.php(213): include('C:\\laragon\\www\\pesawaran\\app\\Views\\frontend\\show.php')
 3 SYSTEMPATH\View\View.php(216): CodeIgniter\View\View->CodeIgniter\View\{closure}()
 4 SYSTEMPATH\Common.php(1184): CodeIgniter\View\View->render('frontend/show', [], true)
 5 APPPATH\Controllers\HomeController.php(74): view('frontend/show', [...])
 6 SYSTEMPATH\CodeIgniter.php(934): App\Controllers\HomeController->show('3aed8b45edfa8cd8efec9307c43acc5372b95fec6d0df3985015f156d50c384ca262a75f952b42ee3cfaeba067665ec7324012fb91e7be6a2a7821e961dc73c554a3b17ffd58eb0140af1aa32a1e0895d3cc')
 7 SYSTEMPATH\CodeIgniter.php(499): CodeIgniter\CodeIgniter->runController(Object(App\Controllers\HomeController))
 8 SYSTEMPATH\CodeIgniter.php(368): CodeIgniter\CodeIgniter->handleRequest(null, Object(Config\Cache), false)
 9 FCPATH\index.php(67): CodeIgniter\CodeIgniter->run()
10 SYSTEMPATH\Commands\Server\rewrite.php(47): require_once('C:\\laragon\\www\\pesawaran\\public\\index.php')
INFO - 2023-06-24 04:10:39 --> Session: Class initialized using 'CodeIgniter\Session\Handlers\FileHandler' driver.
CRITICAL - 2023-06-24 04:10:39 --> Undefined variable $category_id
in APPPATH\Views\frontend\show.php on line 6.
 1 APPPATH\Views\frontend\show.php(6): CodeIgniter\Debug\Exceptions->errorHandler(2, 'Undefined variable $category_id', 'C:\\laragon\\www\\pesawaran\\app\\Views\\frontend\\show.php', 6)
 2 SYSTEMPATH\View\View.php(213): include('C:\\laragon\\www\\pesawaran\\app\\Views\\frontend\\show.php')
 3 SYSTEMPATH\View\View.php(216): CodeIgniter\View\View->CodeIgniter\View\{closure}()
 4 SYSTEMPATH\Common.php(1184): CodeIgniter\View\View->render('frontend/show', [], true)
 5 APPPATH\Controllers\HomeController.php(74): view('frontend/show', [...])
 6 SYSTEMPATH\CodeIgniter.php(934): App\Controllers\HomeController->show('3aed8b45edfa8cd8efec9307c43acc5372b95fec6d0df3985015f156d50c384ca262a75f952b42ee3cfaeba067665ec7324012fb91e7be6a2a7821e961dc73c554a3b17ffd58eb0140af1aa32a1e0895d3cc')
 7 SYSTEMPATH\CodeIgniter.php(499): CodeIgniter\CodeIgniter->runController(Object(App\Controllers\HomeController))
 8 SYSTEMPATH\CodeIgniter.php(368): CodeIgniter\CodeIgniter->handleRequest(null, Object(Config\Cache), false)
 9 FCPATH\index.php(67): CodeIgniter\CodeIgniter->run()
10 SYSTEMPATH\Commands\Server\rewrite.php(47): require_once('C:\\laragon\\www\\pesawaran\\public\\index.php')
INFO - 2023-06-24 04:11:29 --> Session: Class initialized using 'CodeIgniter\Session\Handlers\FileHandler' driver.
CRITICAL - 2023-06-24 04:11:29 --> Undefined variable $category_id
in APPPATH\Views\frontend\show.php on line 6.
 1 APPPATH\Views\frontend\show.php(6): CodeIgniter\Debug\Exceptions->errorHandler(2, 'Undefined variable $category_id', 'C:\\laragon\\www\\pesawaran\\app\\Views\\frontend\\show.php', 6)
 2 SYSTEMPATH\View\View.php(213): include('C:\\laragon\\www\\pesawaran\\app\\Views\\frontend\\show.php')
 3 SYSTEMPATH\View\View.php(216): CodeIgniter\View\View->CodeIgniter\View\{closure}()
 4 SYSTEMPATH\Common.php(1184): CodeIgniter\View\View->render('frontend/show', [], true)
 5 APPPATH\Controllers\HomeController.php(74): view('frontend/show', [...])
 6 SYSTEMPATH\CodeIgniter.php(934): App\Controllers\HomeController->show('3aed8b45edfa8cd8efec9307c43acc5372b95fec6d0df3985015f156d50c384ca262a75f952b42ee3cfaeba067665ec7324012fb91e7be6a2a7821e961dc73c554a3b17ffd58eb0140af1aa32a1e0895d3cc')
 7 SYSTEMPATH\CodeIgniter.php(499): CodeIgniter\CodeIgniter->runController(Object(App\Controllers\HomeController))
 8 SYSTEMPATH\CodeIgniter.php(368): CodeIgniter\CodeIgniter->handleRequest(null, Object(Config\Cache), false)
 9 FCPATH\index.php(67): CodeIgniter\CodeIgniter->run()
10 SYSTEMPATH\Commands\Server\rewrite.php(47): require_once('C:\\laragon\\www\\pesawaran\\public\\index.php')
INFO - 2023-06-24 04:13:05 --> Session: Class initialized using 'CodeIgniter\Session\Handlers\FileHandler' driver.
CRITICAL - 2023-06-24 04:13:05 --> Undefined variable $id
in APPPATH\Views\frontend\show.php on line 6.
 1 APPPATH\Views\frontend\show.php(6): CodeIgniter\Debug\Exceptions->errorHandler(2, 'Undefined variable $id', 'C:\\laragon\\www\\pesawaran\\app\\Views\\frontend\\show.php', 6)
 2 SYSTEMPATH\View\View.php(213): include('C:\\laragon\\www\\pesawaran\\app\\Views\\frontend\\show.php')
 3 SYSTEMPATH\View\View.php(216): CodeIgniter\View\View->CodeIgniter\View\{closure}()
 4 SYSTEMPATH\Common.php(1184): CodeIgniter\View\View->render('frontend/show', [], true)
 5 APPPATH\Controllers\HomeController.php(74): view('frontend/show', [...])
 6 SYSTEMPATH\CodeIgniter.php(934): App\Controllers\HomeController->show('3aed8b45edfa8cd8efec9307c43acc5372b95fec6d0df3985015f156d50c384ca262a75f952b42ee3cfaeba067665ec7324012fb91e7be6a2a7821e961dc73c554a3b17ffd58eb0140af1aa32a1e0895d3cc')
 7 SYSTEMPATH\CodeIgniter.php(499): CodeIgniter\CodeIgniter->runController(Object(App\Controllers\HomeController))
 8 SYSTEMPATH\CodeIgniter.php(368): CodeIgniter\CodeIgniter->handleRequest(null, Object(Config\Cache), false)
 9 FCPATH\index.php(67): CodeIgniter\CodeIgniter->run()
10 SYSTEMPATH\Commands\Server\rewrite.php(47): require_once('C:\\laragon\\www\\pesawaran\\public\\index.php')
INFO - 2023-06-24 04:18:46 --> Session: Class initialized using 'CodeIgniter\Session\Handlers\FileHandler' driver.
CRITICAL - 2023-06-24 04:18:47 --> Undefined array key "kategori_id"
in APPPATH\Controllers\HomeController.php on line 76.
 1 APPPATH\Controllers\HomeController.php(76): CodeIgniter\Debug\Exceptions->errorHandler(2, 'Undefined array key "kategori_id"', 'C:\\laragon\\www\\pesawaran\\app\\Controllers\\HomeController.php', 76)
 2 SYSTEMPATH\CodeIgniter.php(934): App\Controllers\HomeController->show('3aed8b45edfa8cd8efec9307c43acc5372b95fec6d0df3985015f156d50c384ca262a75f952b42ee3cfaeba067665ec7324012fb91e7be6a2a7821e961dc73c554a3b17ffd58eb0140af1aa32a1e0895d3cc')
 3 SYSTEMPATH\CodeIgniter.php(499): CodeIgniter\CodeIgniter->runController(Object(App\Controllers\HomeController))
 4 SYSTEMPATH\CodeIgniter.php(368): CodeIgniter\CodeIgniter->handleRequest(null, Object(Config\Cache), false)
 5 FCPATH\index.php(67): CodeIgniter\CodeIgniter->run()
 6 SYSTEMPATH\Commands\Server\rewrite.php(47): require_once('C:\\laragon\\www\\pesawaran\\public\\index.php')
INFO - 2023-06-24 04:19:00 --> Session: Class initialized using 'CodeIgniter\Session\Handlers\FileHandler' driver.
WARNING - 2023-06-24 04:19:00 --> [DEPRECATED] ucwords(): Passing null to parameter #1 ($string) of type string is deprecated in APPPATH\Views\frontend\show.php on line 25.
 1 APPPATH\Views\frontend\show.php(25): ucwords(null)
 2 SYSTEMPATH\View\View.php(213): include('C:\\laragon\\www\\pesawaran\\app\\Views\\frontend\\show.php')
 3 SYSTEMPATH\View\View.php(216): CodeIgniter\View\View->CodeIgniter\View\{closure}()
 4 SYSTEMPATH\Common.php(1184): CodeIgniter\View\View->render('frontend/show', [], true)
 5 APPPATH\Controllers\HomeController.php(83): view('frontend/show', [...])
 6 SYSTEMPATH\CodeIgniter.php(934): App\Controllers\HomeController->show('3aed8b45edfa8cd8efec9307c43acc5372b95fec6d0df3985015f156d50c384ca262a75f952b42ee3cfaeba067665ec7324012fb91e7be6a2a7821e961dc73c554a3b17ffd58eb0140af1aa32a1e0895d3cc')
 7 SYSTEMPATH\CodeIgniter.php(499): CodeIgniter\CodeIgniter->runController(Object(App\Controllers\HomeController))
 8 SYSTEMPATH\CodeIgniter.php(368): CodeIgniter\CodeIgniter->handleRequest(null, Object(Config\Cache), false)
 9 FCPATH\index.php(67): CodeIgniter\CodeIgniter->run()
10 SYSTEMPATH\Commands\Server\rewrite.php(47): require_once('C:\\laragon\\www\\pesawaran\\public\\index.php')
INFO - 2023-06-24 04:19:09 --> Session: Class initialized using 'CodeIgniter\Session\Handlers\FileHandler' driver.
INFO - 2023-06-24 04:19:16 --> Session: Class initialized using 'CodeIgniter\Session\Handlers\FileHandler' driver.
INFO - 2023-06-24 04:19:23 --> Session: Class initialized using 'CodeIgniter\Session\Handlers\FileHandler' driver.
INFO - 2023-06-24 04:20:06 --> Session: Class initialized using 'CodeIgniter\Session\Handlers\FileHandler' driver.
INFO - 2023-06-24 04:20:33 --> Session: Class initialized using 'CodeIgniter\Session\Handlers\FileHandler' driver.
INFO - 2023-06-24 04:20:40 --> Session: Class initialized using 'CodeIgniter\Session\Handlers\FileHandler' driver.
INFO - 2023-06-24 04:23:40 --> Session: Class initialized using 'CodeIgniter\Session\Handlers\FileHandler' driver.
INFO - 2023-06-24 04:31:59 --> Session: Class initialized using 'CodeIgniter\Session\Handlers\FileHandler' driver.
INFO - 2023-06-24 04:32:12 --> Session: Class initialized using 'CodeIgniter\Session\Handlers\FileHandler' driver.
INFO - 2023-06-24 04:33:33 --> Session: Class initialized using 'CodeIgniter\Session\Handlers\FileHandler' driver.
INFO - 2023-06-24 04:34:01 --> Session: Class initialized using 'CodeIgniter\Session\Handlers\FileHandler' driver.
INFO - 2023-06-24 04:34:19 --> Session: Class initialized using 'CodeIgniter\Session\Handlers\FileHandler' driver.
INFO - 2023-06-24 04:34:27 --> Session: Class initialized using 'CodeIgniter\Session\Handlers\FileHandler' driver.
INFO - 2023-06-24 04:35:36 --> Session: Class initialized using 'CodeIgniter\Session\Handlers\FileHandler' driver.
INFO - 2023-06-24 04:35:44 --> Session: Class initialized using 'CodeIgniter\Session\Handlers\FileHandler' driver.
INFO - 2023-06-24 04:41:37 --> Session: Class initialized using 'CodeIgniter\Session\Handlers\FileHandler' driver.
INFO - 2023-06-24 04:41:43 --> Session: Class initialized using 'CodeIgniter\Session\Handlers\FileHandler' driver.
INFO - 2023-06-24 04:43:03 --> Session: Class initialized using 'CodeIgniter\Session\Handlers\FileHandler' driver.
INFO - 2023-06-24 04:43:16 --> Session: Class initialized using 'CodeIgniter\Session\Handlers\FileHandler' driver.
INFO - 2023-06-24 04:44:19 --> Session: Class initialized using 'CodeIgniter\Session\Handlers\FileHandler' driver.
INFO - 2023-06-24 04:44:24 --> Session: Class initialized using 'CodeIgniter\Session\Handlers\FileHandler' driver.
INFO - 2023-06-24 04:44:48 --> Session: Class initialized using 'CodeIgniter\Session\Handlers\FileHandler' driver.
INFO - 2023-06-24 04:45:02 --> Session: Class initialized using 'CodeIgniter\Session\Handlers\FileHandler' driver.
INFO - 2023-06-24 04:45:37 --> Session: Class initialized using 'CodeIgniter\Session\Handlers\FileHandler' driver.
INFO - 2023-06-24 04:45:47 --> Session: Class initialized using 'CodeIgniter\Session\Handlers\FileHandler' driver.
INFO - 2023-06-24 04:46:35 --> Session: Class initialized using 'CodeIgniter\Session\Handlers\FileHandler' driver.
INFO - 2023-06-24 04:46:46 --> Session: Class initialized using 'CodeIgniter\Session\Handlers\FileHandler' driver.
INFO - 2023-06-24 04:46:48 --> Session: Class initialized using 'CodeIgniter\Session\Handlers\FileHandler' driver.
INFO - 2023-06-24 04:47:48 --> Session: Class initialized using 'CodeIgniter\Session\Handlers\FileHandler' driver.
INFO - 2023-06-24 04:47:56 --> Session: Class initialized using 'CodeIgniter\Session\Handlers\FileHandler' driver.
INFO - 2023-06-24 04:48:11 --> Session: Class initialized using 'CodeIgniter\Session\Handlers\FileHandler' driver.
INFO - 2023-06-24 04:48:19 --> Session: Class initialized using 'CodeIgniter\Session\Handlers\FileHandler' driver.
INFO - 2023-06-24 04:48:54 --> Session: Class initialized using 'CodeIgniter\Session\Handlers\FileHandler' driver.
INFO - 2023-06-24 04:50:49 --> Session: Class initialized using 'CodeIgniter\Session\Handlers\FileHandler' driver.
INFO - 2023-06-24 04:51:19 --> Session: Class initialized using 'CodeIgniter\Session\Handlers\FileHandler' driver.
INFO - 2023-06-24 04:51:50 --> Session: Class initialized using 'CodeIgniter\Session\Handlers\FileHandler' driver.
INFO - 2023-06-24 04:51:53 --> Session: Class initialized using 'CodeIgniter\Session\Handlers\FileHandler' driver.
INFO - 2023-06-24 04:56:01 --> Session: Class initialized using 'CodeIgniter\Session\Handlers\FileHandler' driver.
INFO - 2023-06-24 04:56:20 --> Session: Class initialized using 'CodeIgniter\Session\Handlers\FileHandler' driver.
INFO - 2023-06-24 04:56:30 --> Session: Class initialized using 'CodeIgniter\Session\Handlers\FileHandler' driver.
INFO - 2023-06-24 04:56:38 --> Session: Class initialized using 'CodeIgniter\Session\Handlers\FileHandler' driver.
WARNING - 2023-06-24 04:56:38 --> [DEPRECATED] ucwords(): Passing null to parameter #1 ($string) of type string is deprecated in APPPATH\Views\frontend\show.php on line 25.
 1 APPPATH\Views\frontend\show.php(25): ucwords(null)
 2 SYSTEMPATH\View\View.php(213): include('C:\\laragon\\www\\pesawaran\\app\\Views\\frontend\\show.php')
 3 SYSTEMPATH\View\View.php(216): CodeIgniter\View\View->CodeIgniter\View\{closure}()
 4 SYSTEMPATH\Common.php(1184): CodeIgniter\View\View->render('frontend/show', [], true)
 5 APPPATH\Controllers\HomeController.php(83): view('frontend/show', [...])
 6 SYSTEMPATH\CodeIgniter.php(934): App\Controllers\HomeController->show('a915e14c617aaff5a9dd3e06c292fb0baa8ca9cd01ecd19af93cd9caf572b8c734e6f8cda1917a9839409fb9bf2e56d19dae27845f77b2152f87f9da1456cd02b78966c6571d61e0095f64dbc891f73e7a7e')
 7 SYSTEMPATH\CodeIgniter.php(499): CodeIgniter\CodeIgniter->runController(Object(App\Controllers\HomeController))
 8 SYSTEMPATH\CodeIgniter.php(368): CodeIgniter\CodeIgniter->handleRequest(null, Object(Config\Cache), false)
 9 FCPATH\index.php(67): CodeIgniter\CodeIgniter->run()
10 SYSTEMPATH\Commands\Server\rewrite.php(47): require_once('C:\\laragon\\www\\pesawaran\\public\\index.php')
INFO - 2023-06-24 04:57:56 --> Session: Class initialized using 'CodeIgniter\Session\Handlers\FileHandler' driver.
WARNING - 2023-06-24 04:57:56 --> [DEPRECATED] ucwords(): Passing null to parameter #1 ($string) of type string is deprecated in APPPATH\Views\frontend\show.php on line 25.
 1 APPPATH\Views\frontend\show.php(25): ucwords(null)
 2 SYSTEMPATH\View\View.php(213): include('C:\\laragon\\www\\pesawaran\\app\\Views\\frontend\\show.php')
 3 SYSTEMPATH\View\View.php(216): CodeIgniter\View\View->CodeIgniter\View\{closure}()
 4 SYSTEMPATH\Common.php(1184): CodeIgniter\View\View->render('frontend/show', [], true)
 5 APPPATH\Controllers\HomeController.php(83): view('frontend/show', [...])
 6 SYSTEMPATH\CodeIgniter.php(934): App\Controllers\HomeController->show('a915e14c617aaff5a9dd3e06c292fb0baa8ca9cd01ecd19af93cd9caf572b8c734e6f8cda1917a9839409fb9bf2e56d19dae27845f77b2152f87f9da1456cd02b78966c6571d61e0095f64dbc891f73e7a7e')
 7 SYSTEMPATH\CodeIgniter.php(499): CodeIgniter\CodeIgniter->runController(Object(App\Controllers\HomeController))
 8 SYSTEMPATH\CodeIgniter.php(368): CodeIgniter\CodeIgniter->handleRequest(null, Object(Config\Cache), false)
 9 FCPATH\index.php(67): CodeIgniter\CodeIgniter->run()
10 SYSTEMPATH\Commands\Server\rewrite.php(47): require_once('C:\\laragon\\www\\pesawaran\\public\\index.php')
INFO - 2023-06-24 04:59:13 --> Session: Class initialized using 'CodeIgniter\Session\Handlers\FileHandler' driver.
WARNING - 2023-06-24 04:59:13 --> [DEPRECATED] ucwords(): Passing null to parameter #1 ($string) of type string is deprecated in APPPATH\Views\frontend\show.php on line 25.
 1 APPPATH\Views\frontend\show.php(25): ucwords(null)
 2 SYSTEMPATH\View\View.php(213): include('C:\\laragon\\www\\pesawaran\\app\\Views\\frontend\\show.php')
 3 SYSTEMPATH\View\View.php(216): CodeIgniter\View\View->CodeIgniter\View\{closure}()
 4 SYSTEMPATH\Common.php(1184): CodeIgniter\View\View->render('frontend/show', [], true)
 5 APPPATH\Controllers\HomeController.php(83): view('frontend/show', [...])
 6 SYSTEMPATH\CodeIgniter.php(934): App\Controllers\HomeController->show('a915e14c617aaff5a9dd3e06c292fb0baa8ca9cd01ecd19af93cd9caf572b8c734e6f8cda1917a9839409fb9bf2e56d19dae27845f77b2152f87f9da1456cd02b78966c6571d61e0095f64dbc891f73e7a7e')
 7 SYSTEMPATH\CodeIgniter.php(499): CodeIgniter\CodeIgniter->runController(Object(App\Controllers\HomeController))
 8 SYSTEMPATH\CodeIgniter.php(368): CodeIgniter\CodeIgniter->handleRequest(null, Object(Config\Cache), false)
 9 FCPATH\index.php(67): CodeIgniter\CodeIgniter->run()
10 SYSTEMPATH\Commands\Server\rewrite.php(47): require_once('C:\\laragon\\www\\pesawaran\\public\\index.php')
INFO - 2023-06-24 04:59:36 --> Session: Class initialized using 'CodeIgniter\Session\Handlers\FileHandler' driver.
WARNING - 2023-06-24 04:59:36 --> [DEPRECATED] ucwords(): Passing null to parameter #1 ($string) of type string is deprecated in APPPATH\Views\frontend\show.php on line 25.
 1 APPPATH\Views\frontend\show.php(25): ucwords(null)
 2 SYSTEMPATH\View\View.php(213): include('C:\\laragon\\www\\pesawaran\\app\\Views\\frontend\\show.php')
 3 SYSTEMPATH\View\View.php(216): CodeIgniter\View\View->CodeIgniter\View\{closure}()
 4 SYSTEMPATH\Common.php(1184): CodeIgniter\View\View->render('frontend/show', [], true)
 5 APPPATH\Controllers\HomeController.php(83): view('frontend/show', [...])
 6 SYSTEMPATH\CodeIgniter.php(934): App\Controllers\HomeController->show('a915e14c617aaff5a9dd3e06c292fb0baa8ca9cd01ecd19af93cd9caf572b8c734e6f8cda1917a9839409fb9bf2e56d19dae27845f77b2152f87f9da1456cd02b78966c6571d61e0095f64dbc891f73e7a7e')
 7 SYSTEMPATH\CodeIgniter.php(499): CodeIgniter\CodeIgniter->runController(Object(App\Controllers\HomeController))
 8 SYSTEMPATH\CodeIgniter.php(368): CodeIgniter\CodeIgniter->handleRequest(null, Object(Config\Cache), false)
 9 FCPATH\index.php(67): CodeIgniter\CodeIgniter->run()
10 SYSTEMPATH\Commands\Server\rewrite.php(47): require_once('C:\\laragon\\www\\pesawaran\\public\\index.php')
INFO - 2023-06-24 05:00:22 --> Session: Class initialized using 'CodeIgniter\Session\Handlers\FileHandler' driver.
WARNING - 2023-06-24 05:00:22 --> [DEPRECATED] ucwords(): Passing null to parameter #1 ($string) of type string is deprecated in APPPATH\Views\frontend\show.php on line 25.
 1 APPPATH\Views\frontend\show.php(25): ucwords(null)
 2 SYSTEMPATH\View\View.php(213): include('C:\\laragon\\www\\pesawaran\\app\\Views\\frontend\\show.php')
 3 SYSTEMPATH\View\View.php(216): CodeIgniter\View\View->CodeIgniter\View\{closure}()
 4 SYSTEMPATH\Common.php(1184): CodeIgniter\View\View->render('frontend/show', [], true)
 5 APPPATH\Controllers\HomeController.php(83): view('frontend/show', [...])
 6 SYSTEMPATH\CodeIgniter.php(934): App\Controllers\HomeController->show('a915e14c617aaff5a9dd3e06c292fb0baa8ca9cd01ecd19af93cd9caf572b8c734e6f8cda1917a9839409fb9bf2e56d19dae27845f77b2152f87f9da1456cd02b78966c6571d61e0095f64dbc891f73e7a7e')
 7 SYSTEMPATH\CodeIgniter.php(499): CodeIgniter\CodeIgniter->runController(Object(App\Controllers\HomeController))
 8 SYSTEMPATH\CodeIgniter.php(368): CodeIgniter\CodeIgniter->handleRequest(null, Object(Config\Cache), false)
 9 FCPATH\index.php(67): CodeIgniter\CodeIgniter->run()
10 SYSTEMPATH\Commands\Server\rewrite.php(47): require_once('C:\\laragon\\www\\pesawaran\\public\\index.php')
INFO - 2023-06-24 05:01:48 --> Session: Class initialized using 'CodeIgniter\Session\Handlers\FileHandler' driver.
WARNING - 2023-06-24 05:01:48 --> [DEPRECATED] ucwords(): Passing null to parameter #1 ($string) of type string is deprecated in APPPATH\Views\frontend\show.php on line 25.
 1 APPPATH\Views\frontend\show.php(25): ucwords(null)
 2 SYSTEMPATH\View\View.php(213): include('C:\\laragon\\www\\pesawaran\\app\\Views\\frontend\\show.php')
 3 SYSTEMPATH\View\View.php(216): CodeIgniter\View\View->CodeIgniter\View\{closure}()
 4 SYSTEMPATH\Common.php(1184): CodeIgniter\View\View->render('frontend/show', [], true)
 5 APPPATH\Controllers\HomeController.php(83): view('frontend/show', [...])
 6 SYSTEMPATH\CodeIgniter.php(934): App\Controllers\HomeController->show('a915e14c617aaff5a9dd3e06c292fb0baa8ca9cd01ecd19af93cd9caf572b8c734e6f8cda1917a9839409fb9bf2e56d19dae27845f77b2152f87f9da1456cd02b78966c6571d61e0095f64dbc891f73e7a7e')
 7 SYSTEMPATH\CodeIgniter.php(499): CodeIgniter\CodeIgniter->runController(Object(App\Controllers\HomeController))
 8 SYSTEMPATH\CodeIgniter.php(368): CodeIgniter\CodeIgniter->handleRequest(null, Object(Config\Cache), false)
 9 FCPATH\index.php(67): CodeIgniter\CodeIgniter->run()
10 SYSTEMPATH\Commands\Server\rewrite.php(47): require_once('C:\\laragon\\www\\pesawaran\\public\\index.php')
INFO - 2023-06-24 05:02:22 --> Session: Class initialized using 'CodeIgniter\Session\Handlers\FileHandler' driver.
WARNING - 2023-06-24 05:02:22 --> [DEPRECATED] ucwords(): Passing null to parameter #1 ($string) of type string is deprecated in APPPATH\Views\frontend\show.php on line 25.
 1 APPPATH\Views\frontend\show.php(25): ucwords(null)
 2 SYSTEMPATH\View\View.php(213): include('C:\\laragon\\www\\pesawaran\\app\\Views\\frontend\\show.php')
 3 SYSTEMPATH\View\View.php(216): CodeIgniter\View\View->CodeIgniter\View\{closure}()
 4 SYSTEMPATH\Common.php(1184): CodeIgniter\View\View->render('frontend/show', [], true)
 5 APPPATH\Controllers\HomeController.php(83): view('frontend/show', [...])
 6 SYSTEMPATH\CodeIgniter.php(934): App\Controllers\HomeController->show('a915e14c617aaff5a9dd3e06c292fb0baa8ca9cd01ecd19af93cd9caf572b8c734e6f8cda1917a9839409fb9bf2e56d19dae27845f77b2152f87f9da1456cd02b78966c6571d61e0095f64dbc891f73e7a7e')
 7 SYSTEMPATH\CodeIgniter.php(499): CodeIgniter\CodeIgniter->runController(Object(App\Controllers\HomeController))
 8 SYSTEMPATH\CodeIgniter.php(368): CodeIgniter\CodeIgniter->handleRequest(null, Object(Config\Cache), false)
 9 FCPATH\index.php(67): CodeIgniter\CodeIgniter->run()
10 SYSTEMPATH\Commands\Server\rewrite.php(47): require_once('C:\\laragon\\www\\pesawaran\\public\\index.php')
INFO - 2023-06-24 05:03:07 --> Session: Class initialized using 'CodeIgniter\Session\Handlers\FileHandler' driver.
WARNING - 2023-06-24 05:03:07 --> [DEPRECATED] ucwords(): Passing null to parameter #1 ($string) of type string is deprecated in APPPATH\Views\frontend\show.php on line 25.
 1 APPPATH\Views\frontend\show.php(25): ucwords(null)
 2 SYSTEMPATH\View\View.php(213): include('C:\\laragon\\www\\pesawaran\\app\\Views\\frontend\\show.php')
 3 SYSTEMPATH\View\View.php(216): CodeIgniter\View\View->CodeIgniter\View\{closure}()
 4 SYSTEMPATH\Common.php(1184): CodeIgniter\View\View->render('frontend/show', [], true)
 5 APPPATH\Controllers\HomeController.php(83): view('frontend/show', [...])
 6 SYSTEMPATH\CodeIgniter.php(934): App\Controllers\HomeController->show('a915e14c617aaff5a9dd3e06c292fb0baa8ca9cd01ecd19af93cd9caf572b8c734e6f8cda1917a9839409fb9bf2e56d19dae27845f77b2152f87f9da1456cd02b78966c6571d61e0095f64dbc891f73e7a7e')
 7 SYSTEMPATH\CodeIgniter.php(499): CodeIgniter\CodeIgniter->runController(Object(App\Controllers\HomeController))
 8 SYSTEMPATH\CodeIgniter.php(368): CodeIgniter\CodeIgniter->handleRequest(null, Object(Config\Cache), false)
 9 FCPATH\index.php(67): CodeIgniter\CodeIgniter->run()
10 SYSTEMPATH\Commands\Server\rewrite.php(47): require_once('C:\\laragon\\www\\pesawaran\\public\\index.php')
INFO - 2023-06-24 05:03:28 --> Session: Class initialized using 'CodeIgniter\Session\Handlers\FileHandler' driver.
WARNING - 2023-06-24 05:03:28 --> [DEPRECATED] ucwords(): Passing null to parameter #1 ($string) of type string is deprecated in APPPATH\Views\frontend\show.php on line 25.
 1 APPPATH\Views\frontend\show.php(25): ucwords(null)
 2 SYSTEMPATH\View\View.php(213): include('C:\\laragon\\www\\pesawaran\\app\\Views\\frontend\\show.php')
 3 SYSTEMPATH\View\View.php(216): CodeIgniter\View\View->CodeIgniter\View\{closure}()
 4 SYSTEMPATH\Common.php(1184): CodeIgniter\View\View->render('frontend/show', [], true)
 5 APPPATH\Controllers\HomeController.php(83): view('frontend/show', [...])
 6 SYSTEMPATH\CodeIgniter.php(934): App\Controllers\HomeController->show('a915e14c617aaff5a9dd3e06c292fb0baa8ca9cd01ecd19af93cd9caf572b8c734e6f8cda1917a9839409fb9bf2e56d19dae27845f77b2152f87f9da1456cd02b78966c6571d61e0095f64dbc891f73e7a7e')
 7 SYSTEMPATH\CodeIgniter.php(499): CodeIgniter\CodeIgniter->runController(Object(App\Controllers\HomeController))
 8 SYSTEMPATH\CodeIgniter.php(368): CodeIgniter\CodeIgniter->handleRequest(null, Object(Config\Cache), false)
 9 FCPATH\index.php(67): CodeIgniter\CodeIgniter->run()
10 SYSTEMPATH\Commands\Server\rewrite.php(47): require_once('C:\\laragon\\www\\pesawaran\\public\\index.php')
INFO - 2023-06-24 05:07:50 --> Session: Class initialized using 'CodeIgniter\Session\Handlers\FileHandler' driver.
WARNING - 2023-06-24 05:07:50 --> [DEPRECATED] ucwords(): Passing null to parameter #1 ($string) of type string is deprecated in APPPATH\Views\frontend\show.php on line 25.
 1 APPPATH\Views\frontend\show.php(25): ucwords(null)
 2 SYSTEMPATH\View\View.php(213): include('C:\\laragon\\www\\pesawaran\\app\\Views\\frontend\\show.php')
 3 SYSTEMPATH\View\View.php(216): CodeIgniter\View\View->CodeIgniter\View\{closure}()
 4 SYSTEMPATH\Common.php(1184): CodeIgniter\View\View->render('frontend/show', [], true)
 5 APPPATH\Controllers\HomeController.php(83): view('frontend/show', [...])
 6 SYSTEMPATH\CodeIgniter.php(934): App\Controllers\HomeController->show('a915e14c617aaff5a9dd3e06c292fb0baa8ca9cd01ecd19af93cd9caf572b8c734e6f8cda1917a9839409fb9bf2e56d19dae27845f77b2152f87f9da1456cd02b78966c6571d61e0095f64dbc891f73e7a7e')
 7 SYSTEMPATH\CodeIgniter.php(499): CodeIgniter\CodeIgniter->runController(Object(App\Controllers\HomeController))
 8 SYSTEMPATH\CodeIgniter.php(368): CodeIgniter\CodeIgniter->handleRequest(null, Object(Config\Cache), false)
 9 FCPATH\index.php(67): CodeIgniter\CodeIgniter->run()
10 SYSTEMPATH\Commands\Server\rewrite.php(47): require_once('C:\\laragon\\www\\pesawaran\\public\\index.php')
INFO - 2023-06-24 05:08:14 --> Session: Class initialized using 'CodeIgniter\Session\Handlers\FileHandler' driver.
INFO - 2023-06-24 05:08:16 --> Session: Class initialized using 'CodeIgniter\Session\Handlers\FileHandler' driver.
INFO - 2023-06-24 05:08:27 --> Session: Class initialized using 'CodeIgniter\Session\Handlers\FileHandler' driver.
INFO - 2023-06-24 05:09:45 --> Session: Class initialized using 'CodeIgniter\Session\Handlers\FileHandler' driver.
INFO - 2023-06-24 05:12:06 --> Session: Class initialized using 'CodeIgniter\Session\Handlers\FileHandler' driver.
INFO - 2023-06-24 05:12:17 --> Session: Class initialized using 'CodeIgniter\Session\Handlers\FileHandler' driver.
INFO - 2023-06-24 05:12:24 --> Session: Class initialized using 'CodeIgniter\Session\Handlers\FileHandler' driver.
INFO - 2023-06-24 05:12:28 --> Session: Class initialized using 'CodeIgniter\Session\Handlers\FileHandler' driver.
INFO - 2023-06-24 05:12:46 --> Session: Class initialized using 'CodeIgniter\Session\Handlers\FileHandler' driver.
INFO - 2023-06-24 05:15:03 --> Session: Class initialized using 'CodeIgniter\Session\Handlers\FileHandler' driver.
INFO - 2023-06-24 05:20:43 --> Session: Class initialized using 'CodeIgniter\Session\Handlers\FileHandler' driver.
INFO - 2023-06-24 05:21:52 --> Session: Class initialized using 'CodeIgniter\Session\Handlers\FileHandler' driver.
INFO - 2023-06-24 05:27:04 --> Session: Class initialized using 'CodeIgniter\Session\Handlers\FileHandler' driver.
INFO - 2023-06-24 05:29:02 --> Session: Class initialized using 'CodeIgniter\Session\Handlers\FileHandler' driver.
INFO - 2023-06-24 05:30:35 --> Session: Class initialized using 'CodeIgniter\Session\Handlers\FileHandler' driver.
INFO - 2023-06-24 05:32:17 --> Session: Class initialized using 'CodeIgniter\Session\Handlers\FileHandler' driver.
INFO - 2023-06-24 05:32:52 --> Session: Class initialized using 'CodeIgniter\Session\Handlers\FileHandler' driver.
INFO - 2023-06-24 05:33:01 --> Session: Class initialized using 'CodeIgniter\Session\Handlers\FileHandler' driver.
INFO - 2023-06-24 05:35:44 --> Session: Class initialized using 'CodeIgniter\Session\Handlers\FileHandler' driver.
INFO - 2023-06-24 05:41:06 --> Session: Class initialized using 'CodeIgniter\Session\Handlers\FileHandler' driver.
